/dev/null: No [mypy] section in config file
src/nova/metrics/registry.py:10: error: Need type annotation for "_metric_cache" (hint: "_metric_cache: dict[<type>, <type>] = ...")  [var-annotated]
src/nova/wisdom/generativity_context.py:53: note: By default the bodies of untyped functions are not checked, consider using --check-untyped-defs  [annotation-unchecked]
src/nova/math/relations_pattern.py:57: error: Incompatible types in assignment (expression has type "None", variable has type "dict[str, Any]")  [assignment]
src/nova/governor/adaptive_wisdom.py:60: error: Argument "mode" to "Telemetry" has incompatible type "str"; expected "Literal['CRITICAL', 'STABILIZING', 'EXPLORING', 'OPTIMAL', 'SAFE']"  [arg-type]
src/nova/config/federation_config.py:10: error: Library stubs not installed for "yaml"  [import-untyped]
contracts/validators/meta_lens_validator.py:29: note: By default the bodies of untyped functions are not checked, consider using --check-untyped-defs  [annotation-unchecked]
contracts/validators/meta_lens_validator.py:29: note: Error code "annotation-unchecked" not covered by "type: ignore" comment
contracts/validators/meta_lens_validator.py:30: note: By default the bodies of untyped functions are not checked, consider using --check-untyped-defs  [annotation-unchecked]
orchestrator/anr_mutex.py:44: error: Module has no attribute "locking"  [attr-defined]
orchestrator/anr_mutex.py:44: error: Module has no attribute "LK_NBLCK"  [attr-defined]
orchestrator/anr_mutex.py:68: error: Module has no attribute "locking"  [attr-defined]
orchestrator/anr_mutex.py:68: error: Module has no attribute "LK_UNLCK"  [attr-defined]
orchestrator/plugins/loader.py:10: error: Library stubs not installed for "yaml"  [import-untyped]
orchestrator/adapters/registry.py:15: note: By default the bodies of untyped functions are not checked, consider using --check-untyped-defs  [annotation-unchecked]
orchestrator/adapters/registry.py:55: error: Need type annotation for "contracts" (hint: "contracts: dict[<type>, <type>] = ...")  [var-annotated]
src/nova/slots/slot08_memory_lock/ci/validate_processual.py:33: note: By default the bodies of untyped functions are not checked, consider using --check-untyped-defs  [annotation-unchecked]
src/nova/slots/slot01_truth_anchor/pqc_attestation.py:68: error: Incompatible types in assignment (expression has type "None", variable has type "bytes")  [assignment]
src/nova/sim/governance.py:193: error: Incompatible default for argument "conditions" (default has type "None", argument has type "list[str]")  [assignment]
src/nova/sim/governance.py:193: note: PEP 484 prohibits implicit Optional. Accordingly, mypy has changed its default to no_implicit_optional=True
src/nova/sim/governance.py:193: note: Use https://github.com/hauntsaninja/no_implicit_optional to automatically upgrade your codebase
src/nova/sim/audit.py:275: error: Incompatible return value type (got "tuple[None, dict[str, Any]]", expected "tuple[str, dict[str, Any]]")  [return-value]
src/nova/phase10/ag.py:43: error: Need type annotation for "decision_window"  [var-annotated]
orchestrator/unlearn_weighting.py:76: error: Need type annotation for "_breaches"  [var-annotated]
src/nova/slots/slot02_deltathresh/enhanced/performance.py:17: error: Need type annotation for "window"  [var-annotated]
orchestrator/semantic_creativity.py:148: error: Need type annotation for "_metrics"  [var-annotated]
orchestrator/semantic_creativity.py:149: error: Need type annotation for "_concept_frequencies"  [var-annotated]
orchestrator/semantic_creativity.py:150: error: Need type annotation for "_weight_history"  [var-annotated]
orchestrator/semantic_creativity.py:151: error: Need type annotation for "_exit_reasons"  [var-annotated]
orchestrator/semantic_creativity.py:155: error: Need type annotation for "_concept_sig_lru"  [var-annotated]
orchestrator/semantic_creativity.py:160: error: Need type annotation for "_novelty_cache"  [var-annotated]
orchestrator/semantic_creativity.py:161: error: Need type annotation for "_entropy_cache"  [var-annotated]
orchestrator/semantic_creativity.py:162: error: Need type annotation for "_zipf_cache"  [var-annotated]
orchestrator/semantic_creativity.py:165: error: Need type annotation for "_memo_hits"  [var-annotated]
orchestrator/semantic_creativity.py:166: error: Need type annotation for "_memo_misses"  [var-annotated]
orchestrator/semantic_creativity.py:237: error: Unsupported operand types for + ("object" and "int")  [operator]
orchestrator/semantic_creativity.py:260: error: Value of type "object" is not indexable  [index]
orchestrator/semantic_creativity.py:260: error: Argument 1 to "len" has incompatible type "object"; expected "Sized"  [arg-type]
orchestrator/semantic_creativity.py:261: error: Value of type "object" is not indexable  [index]
orchestrator/semantic_creativity.py:276: error: "object" has no attribute "append"  [attr-defined]
orchestrator/semantic_creativity.py:277: error: "object" has no attribute "append"  [attr-defined]
orchestrator/semantic_creativity.py:278: error: "object" has no attribute "append"  [attr-defined]
orchestrator/semantic_creativity.py:430: error: Need type annotation for "freq_map"  [var-annotated]
orchestrator/federation_remediator.py:54: error: "object" has no attribute "labels"  [attr-defined]
orchestrator/federation_remediator.py:55: error: "object" has no attribute "labels"  [attr-defined]
orchestrator/federation_remediator.py:90: error: "object" has no attribute "_value"  [attr-defined]
orchestrator/federation_remediator.py:104: error: "object" has no attribute "_value"  [attr-defined]
orchestrator/federation_remediator.py:192: error: "object" has no attribute "labels"  [attr-defined]
orchestrator/federation_remediator.py:194: error: "object" has no attribute "set"  [attr-defined]
orchestrator/federation_remediator.py:196: error: "object" has no attribute "set"  [attr-defined]
orchestrator/federation_remediator.py:197: error: "object" has no attribute "info"  [attr-defined]
orchestrator/adaptive_connections.py:69: error: Need type annotation for "send_history"  [var-annotated]
orchestrator/adaptive_connections.py:218: note: By default the bodies of untyped functions are not checked, consider using --check-untyped-defs  [annotation-unchecked]
orchestrator/router/anr_bandit.py:94: error: Argument "key" to "max" has incompatible type overloaded function; expected "Callable[[str], SupportsDunderLT[Any] | SupportsDunderGT[Any]]"  [arg-type]
orchestrator/router/anr_bandit.py:98: error: Incompatible types in assignment (expression has type "str", variable has type "None")  [assignment]
orchestrator/router/anr_bandit.py:108: error: Incompatible return value type (got "tuple[str, dict[str, object]]", expected "tuple[str, dict[str, float]]")  [return-value]
orchestrator/router/anr_bandit.py:191: error: Argument 1 to "exists" has incompatible type "str | None"; expected "int | str | bytes | PathLike[str] | PathLike[bytes]"  [arg-type]
orchestrator/router/anr_bandit.py:196: error: Argument 1 to "open" has incompatible type "str | None"; expected "int | str | bytes | PathLike[str] | PathLike[bytes]"  [arg-type]
src/nova/logging_config.py:54: error: Incompatible types in assignment (expression has type "Formatter", variable has type "JSONFormatter")  [assignment]
src/nova/slots/slot08_memory_lock/ids/detectors.py:16: error: Name "IDSEvent" already defined (possibly by an import)  [no-redef]
src/nova/slots/slot08_memory_lock/ids/detectors.py:16: error: Name "ThreatLevel" already defined (possibly by an import)  [no-redef]
src/nova/slots/slot08_memory_lock/ids/detectors.py:26: error: Need type annotation for "events"  [var-annotated]
src/nova/slots/slot08_memory_lock/ids/detectors.py:121: error: Need type annotation for "access_attempts"  [var-annotated]
src/nova/slots/slot08_memory_lock/ids/detectors.py:122: error: Need type annotation for "recent_violations"  [var-annotated]
src/nova/slots/slot08_memory_lock/ids/detectors.py:294: error: Need type annotation for "operation_hashes"  [var-annotated]
src/nova/slots/slot08_memory_lock/ids/detectors.py:368: error: Need type annotation for "threat_events"  [var-annotated]
src/nova/slots/slot08_memory_lock/core/quarantine.py:242: note: By default the bodies of untyped functions are not checked, consider using --check-untyped-defs  [annotation-unchecked]
src/nova/slots/slot08_memory_lock/core/quarantine.py:312: note: By default the bodies of untyped functions are not checked, consider using --check-untyped-defs  [annotation-unchecked]
src/nova/slots/slot07_production_controls/reflex_emitter.py:11: error: Library stubs not installed for "yaml"  [import-untyped]
src/nova/slots/slot07_production_controls/reflex_emitter.py:150: error: Need type annotation for "signal_states" (hint: "signal_states: dict[<type>, <type>] = ...")  [var-annotated]
src/nova/slots/slot07_production_controls/reflex_emitter.py:151: error: Need type annotation for "last_emissions" (hint: "last_emissions: dict[<type>, <type>] = ...")  [var-annotated]
src/nova/slots/slot07_production_controls/reflex_emitter.py:152: error: Need type annotation for "emission_counts"  [var-annotated]
src/nova/slots/slot07_production_controls/reflex_emitter.py:153: error: Need type annotation for "smoothed_pressures" (hint: "smoothed_pressures: dict[<type>, <type>] = ...")  [var-annotated]
src/nova/slots/slot07_production_controls/reflex_emitter.py:156: error: Need type annotation for "ledger"  [var-annotated]
src/nova/slots/slot07_production_controls/reflex_emitter.py:164: error: Need type annotation for "blocked_signals"  [var-annotated]
src/nova/slots/slot02_deltathresh/plugin_meta_lens_addition.py:33: error: All conditional function variants must have identical signatures  [misc]
src/nova/slots/slot02_deltathresh/plugin_meta_lens_addition.py:33: note: Original:
src/nova/slots/slot02_deltathresh/plugin_meta_lens_addition.py:33: note:     def validate_meta_lens_report(report: dict[str, Any]) -> bool
src/nova/slots/slot02_deltathresh/plugin_meta_lens_addition.py:33: note: Redefinition:
src/nova/slots/slot02_deltathresh/plugin_meta_lens_addition.py:33: note:     def validate_meta_lens_report(report: Any) -> Any
src/nova/ledger/store_postgres.py:113: error: Argument "ts" to "compute_record_hash" has incompatible type "float"; expected "datetime"  [arg-type]
src/nova/ledger/store_postgres.py:126: error: Argument "ts" to "LedgerRecord" has incompatible type "float"; expected "datetime"  [arg-type]
src/nova/ledger/store_postgres.py:291: error: Incompatible types in assignment (expression has type "float", target has type "str")  [assignment]
src/nova/ledger/store_postgres.py:518: error: "Checkpoint" has no attribute "merkkle_root"; maybe "merkle_root"?  [attr-defined]
src/nova/ledger/store.py:335: error: "Checkpoint" has no attribute "get"  [attr-defined]
src/nova/ledger/store.py:337: error: "Checkpoint" has no attribute "get"  [attr-defined]
src/nova/ledger/store.py:338: error: "Checkpoint" has no attribute "get"  [attr-defined]
src/nova/arc/analyze_results.py:43: error: Need type annotation for "cycle_results" (hint: "cycle_results: list[<type>] = ...")  [var-annotated]
src/nova/arc/analyze_results.py:44: error: Need type annotation for "analysis" (hint: "analysis: dict[<type>, <type>] = ...")  [var-annotated]
orchestrator/reflex_signals.py:42: note: By default the bodies of untyped functions are not checked, consider using --check-untyped-defs  [annotation-unchecked]
orchestrator/reflex_signals.py:43: note: By default the bodies of untyped functions are not checked, consider using --check-untyped-defs  [annotation-unchecked]
orchestrator/flow_metrics.py:17: note: By default the bodies of untyped functions are not checked, consider using --check-untyped-defs  [annotation-unchecked]
orchestrator/flow_metrics.py:35: error: Need type annotation for "prometheus_metrics"  [var-annotated]
orchestrator/flow_fabric_init.py:11: error: Library stubs not installed for "yaml"  [import-untyped]
orchestrator/federation_client.py:44: error: Unsupported left operand type for > ("object")  [operator]
orchestrator/federation_client.py:79: error: Unsupported left operand type for > ("object")  [operator]
src/nova/slots/slot08_memory_lock/tests/test_entropy_monitor_small_samples.py:13: error: Name "EntropyMonitor" already defined (possibly by an import)  [no-redef]
src/nova/slots/slot06_cultural_synthesis/serializers.py:6: error: Module "nova.slots.slot06_cultural_synthesis.engine" has no attribute "SynthesisResult"  [attr-defined]
src/nova/slots/slot06_cultural_synthesis/adapter.py:64: error: Incompatible types in assignment (expression has type "dict[str, Any]", variable has type "CulturalProfile")  [assignment]
src/nova/slots/slot06_cultural_synthesis/adapter.py:65: error: TypedDict "CulturalProfile" has no key "institution"  [typeddict-unknown-key]
src/nova/slots/slot06_cultural_synthesis/adapter.py:70: error: Incompatible return value type (got "dict[str, Any]", expected "CulturalProfile")  [return-value]
src/nova/slots/slot06_cultural_synthesis/adapter.py:73: error: TypedDict "CulturalProfile" has no key "institution"  [typeddict-unknown-key]
src/nova/slots/slot06_cultural_synthesis/adapter.py:96: error: Argument 1 to "_profile_consent" has incompatible type "CulturalProfile"; expected "dict[str, Any]"  [arg-type]
src/nova/slots/slot02_deltathresh/enhanced/detector.py:61: error: Need type annotation for "unique_words" (hint: "unique_words: set[<type>] = ...")  [var-annotated]
src/nova/slots/slot02_deltathresh/enhanced/config_manager.py:6: error: Library stubs not installed for "yaml"  [import-untyped]
src/nova/ledger/factory.py:52: error: Name "ledger_persist_fallback_total" is not defined  [name-defined]
src/nova/ledger/factory.py:56: error: Incompatible return value type (got "PostgresLedgerStore", expected "LedgerStore")  [return-value]
src/nova/federation/sync.py:92: error: List item 0 has incompatible type "ProofChunk | None"; expected "ProofChunk"  [list-item]
src/nova/arc/reflection_engine.py:195: error: Incompatible default for argument "param_bounds" (default has type "None", argument has type "dict[str, tuple[float, float]]")  [assignment]
src/nova/arc/reflection_engine.py:195: note: PEP 484 prohibits implicit Optional. Accordingly, mypy has changed its default to no_implicit_optional=True
src/nova/arc/reflection_engine.py:195: note: Use https://github.com/hauntsaninja/no_implicit_optional to automatically upgrade your codebase
src/nova/arc/reflection_engine.py:253: error: Library stubs not installed for "yaml"  [import-untyped]
src/nova/arc/reflection_engine.py:253: note: Hint: "python3 -m pip install types-PyYAML"
src/nova/arc/reflection_engine.py:253: note: (or run "mypy --install-types" to install all missing stub packages)
src/nova/arc/reflection_engine.py:253: note: See https://mypy.readthedocs.io/en/stable/running_mypy.html#missing-imports
orchestrator/health.py:29: note: By default the bodies of untyped functions are not checked, consider using --check-untyped-defs  [annotation-unchecked]
orchestrator/federation_poller.py:175: error: "object" has no attribute "labels"  [attr-defined]
orchestrator/federation_poller.py:176: error: "object" has no attribute "labels"  [attr-defined]
orchestrator/federation_poller.py:177: error: "object" has no attribute "labels"  [attr-defined]
orchestrator/federation_poller.py:190: error: "object" has no attribute "set"  [attr-defined]
orchestrator/federation_poller.py:225: error: "object" has no attribute "set"  [attr-defined]
orchestrator/federation_poller.py:276: note: By default the bodies of untyped functions are not checked, consider using --check-untyped-defs  [annotation-unchecked]
orchestrator/federation_poller.py:277: note: By default the bodies of untyped functions are not checked, consider using --check-untyped-defs  [annotation-unchecked]
orchestrator/adapters/slot6_cultural.py:51: error: Incompatible types in assignment (expression has type "None", variable has type "CulturalSynthesisAdapter")  [assignment]
src/runtime/memory_integrity.py:92: error: Cannot assign to a method  [method-assign]
src/nova/slots/slot08_memory_ethics/ids_protection.py:59: error: Argument 3 to "audit_log" has incompatible type "Any | None"; expected "str"  [arg-type]
src/nova/slots/slot06_cultural_synthesis/multicultural_truth_synthesis.py:100: error: Return type "ProfileWrapper" of "analyze_cultural_context" incompatible with return type "CulturalProfile" in supertype "nova.slots.slot06_cultural_synthesis.adapter.CulturalSynthesisAdapter"  [override]
src/nova/slots/slot06_cultural_synthesis/multicultural_truth_synthesis.py:110: error: Incompatible types in assignment (expression has type "dict[str, Any]", variable has type "CulturalProfile")  [assignment]
src/nova/slots/slot06_cultural_synthesis/multicultural_truth_synthesis.py:111: error: TypedDict "CulturalProfile" has no key "institution"  [typeddict-unknown-key]
src/nova/slots/slot06_cultural_synthesis/multicultural_truth_synthesis.py:117: error: Argument 1 to "ProfileWrapper" has incompatible type "CulturalProfile"; expected "dict[str, Any]"  [arg-type]
src/nova/arc/run_calibration_cycle.py:85: error: Missing positional arguments "actors", "relations" in call to "SystemGraph"  [call-arg]
src/nova/arc/run_calibration_cycle.py:87: error: "SystemGraph" has no attribute "add_node"  [attr-defined]
src/nova/arc/run_calibration_cycle.py:92: error: "SystemGraph" has no attribute "add_edge"  [attr-defined]
src/nova/arc/run_calibration_cycle.py:112: error: "SystemGraph" has no attribute "nodes"  [attr-defined]
src/nova/arc/run_calibration_cycle.py:114: error: "SystemGraph" has no attribute "edges"  [attr-defined]
src/nova/arc/run_calibration_cycle.py:119: error: Missing positional arguments "actors", "relations" in call to "SystemGraph"  [call-arg]
src/nova/arc/run_calibration_cycle.py:121: error: "SystemGraph" has no attribute "add_node"  [attr-defined]
src/nova/arc/run_calibration_cycle.py:123: error: "SystemGraph" has no attribute "add_edge"  [attr-defined]
src/nova/arc/run_calibration_cycle.py:189: error: Argument "spectral_signature" to "DetectionResult" has incompatible type "Any | None"; expected "list[float]"  [arg-type]
src/nova/arc/run_calibration_cycle.py:190: error: Argument "equilibrium_metrics" to "DetectionResult" has incompatible type "dict[str, float] | None"; expected "dict[str, float]"  [arg-type]
src/nova/arc/run_calibration_cycle.py:273: error: Library stubs not installed for "yaml"  [import-untyped]
src/nova/slots/slot10_civilizational_deployment/health.py:9: error: Name "ok" already defined (possibly by an import)  [no-redef]
src/nova/slots/slot10_civilizational_deployment/health.py:9: error: Name "minimal" already defined (possibly by an import)  [no-redef]
src/nova/slots/slot10_civilizational_deployment/health.py:9: error: Name "error" already defined (possibly by an import)  [no-redef]
src/nova/slots/slot10_civilizational_deployment/health.py:25: error: All conditional function variants must have identical signatures  [misc]
src/nova/slots/slot10_civilizational_deployment/health.py:25: note: Original:
src/nova/slots/slot10_civilizational_deployment/health.py:25: note:     def ok(name: str, version: str, **kw: Any) -> dict[str, Any]
src/nova/slots/slot10_civilizational_deployment/health.py:25: note: Redefinition:
src/nova/slots/slot10_civilizational_deployment/health.py:25: note:     def ok(name: Any, version: Any, **kw: Any) -> Any
src/nova/slots/slot10_civilizational_deployment/health.py:27: error: All conditional function variants must have identical signatures  [misc]
src/nova/slots/slot10_civilizational_deployment/health.py:27: note: Original:
src/nova/slots/slot10_civilizational_deployment/health.py:27: note:     def minimal(name: str, version: str, **kw: Any) -> dict[str, Any]
src/nova/slots/slot10_civilizational_deployment/health.py:27: note: Redefinition:
src/nova/slots/slot10_civilizational_deployment/health.py:27: note:     def minimal(name: Any, version: Any, **kw: Any) -> Any
src/nova/slots/slot10_civilizational_deployment/health.py:29: error: All conditional function variants must have identical signatures  [misc]
src/nova/slots/slot10_civilizational_deployment/health.py:29: note: Original:
src/nova/slots/slot10_civilizational_deployment/health.py:29: note:     def error(name: str, version: str, err: str, **kw: Any) -> dict[str, Any]
src/nova/slots/slot10_civilizational_deployment/health.py:29: note: Redefinition:
src/nova/slots/slot10_civilizational_deployment/health.py:29: note:     def error(name: Any, version: Any, err: Any, **kw: Any) -> Any
src/nova/slots/slot08_memory_ethics/health.py:9: error: Name "ok" already defined (possibly by an import)  [no-redef]
src/nova/slots/slot08_memory_ethics/health.py:9: error: Name "minimal" already defined (possibly by an import)  [no-redef]
src/nova/slots/slot08_memory_ethics/health.py:9: error: Name "error" already defined (possibly by an import)  [no-redef]
src/nova/slots/slot08_memory_ethics/health.py:25: error: All conditional function variants must have identical signatures  [misc]
src/nova/slots/slot08_memory_ethics/health.py:25: note: Original:
src/nova/slots/slot08_memory_ethics/health.py:25: note:     def ok(name: str, version: str, **kw: Any) -> dict[str, Any]
src/nova/slots/slot08_memory_ethics/health.py:25: note: Redefinition:
src/nova/slots/slot08_memory_ethics/health.py:25: note:     def ok(name: Any, version: Any, **kw: Any) -> Any
src/nova/slots/slot08_memory_ethics/health.py:27: error: All conditional function variants must have identical signatures  [misc]
src/nova/slots/slot08_memory_ethics/health.py:27: note: Original:
src/nova/slots/slot08_memory_ethics/health.py:27: note:     def minimal(name: str, version: str, **kw: Any) -> dict[str, Any]
src/nova/slots/slot08_memory_ethics/health.py:27: note: Redefinition:
src/nova/slots/slot08_memory_ethics/health.py:27: note:     def minimal(name: Any, version: Any, **kw: Any) -> Any
src/nova/slots/slot08_memory_ethics/health.py:29: error: All conditional function variants must have identical signatures  [misc]
src/nova/slots/slot08_memory_ethics/health.py:29: note: Original:
src/nova/slots/slot08_memory_ethics/health.py:29: note:     def error(name: str, version: str, err: str, **kw: Any) -> dict[str, Any]
src/nova/slots/slot08_memory_ethics/health.py:29: note: Redefinition:
src/nova/slots/slot08_memory_ethics/health.py:29: note:     def error(name: Any, version: Any, err: Any, **kw: Any) -> Any
src/nova/slots/slot08_memory_ethics/health.py:103: error: Missing positional arguments "data", "checksum" in call to "MemoryLock"  [call-arg]
src/nova/ledger/api.py:150: error: Item "None" of "Logger | None" has no attribute "error"  [union-attr]
src/nova/ledger/api.py:181: error: Item "None" of "Logger | None" has no attribute "error"  [union-attr]
orchestrator/core/event_bus.py:119: error: Incompatible return value type (got "MappingProxyType[Any, Any]", expected "dict[str, Any]")  [return-value]
src/nova/slots/slot01_truth_anchor/enhanced_truth_anchor_engine.py:162: error: Dict entry 3 has incompatible type "str": "float"; expected "str": "int"  [dict-item]
src/nova/slots/config/enhanced_manager.py:6: error: Library stubs not installed for "yaml"  [import-untyped]
src/nova/slots/config/enhanced_manager.py:40: error: Incompatible default for argument "name" (default has type "None", argument has type "str")  [assignment]
src/nova/slots/config/enhanced_manager.py:40: note: PEP 484 prohibits implicit Optional. Accordingly, mypy has changed its default to no_implicit_optional=True
src/nova/slots/config/enhanced_manager.py:40: note: Use https://github.com/hauntsaninja/no_implicit_optional to automatically upgrade your codebase
src/nova/slots/config/enhanced_manager.py:40: error: Incompatible default for argument "version" (default has type "None", argument has type "str")  [assignment]
src/nova/slots/config/enhanced_manager.py:47: error: Incompatible default for argument "dependencies" (default has type "None", argument has type "list[str]")  [assignment]
src/nova/slots/config/enhanced_manager.py:47: note: PEP 484 prohibits implicit Optional. Accordingly, mypy has changed its default to no_implicit_optional=True
src/nova/slots/config/enhanced_manager.py:47: note: Use https://github.com/hauntsaninja/no_implicit_optional to automatically upgrade your codebase
src/nova/slots/config/enhanced_manager.py:131: error: Argument 2 to "isinstance" has incompatible type "object"; expected "_ClassInfo"  [arg-type]
src/nova/slots/config/enhanced_manager.py:191: error: Incompatible types in assignment (expression has type "None", variable has type "SystemConfig")  [assignment]
src/nova/slots/config/enhanced_manager.py:350: note: By default the bodies of untyped functions are not checked, consider using --check-untyped-defs  [annotation-unchecked]
src/nova/ledger/checkpoint_service.py:115: error: Incompatible types in "await" (actual type "Checkpoint | None", expected type "Awaitable[Any]")  [misc]
src/nova/ledger/checkpoint_service.py:181: error: Missing positional arguments "anchor_id", "start_rid", "end_rid", "merkle_root" in call to "verify_range" of "CheckpointSigner"  [call-arg]
orchestrator/semantic_mirror.py:84: error: Need type annotation for "_access_history"  [var-annotated]
orchestrator/semantic_mirror.py:85: error: Need type annotation for "_metrics"  [var-annotated]
src/nova/ledger/api_checkpoints.py:38: error: Argument 1 to "CheckpointSigner" has incompatible type "LedgerStore"; expected "PostgresLedgerStore"  [arg-type]
src/nova/slots/slot08_memory_lock/core/repair_planner.py:24: error: Need type annotation for "repair_history" (hint: "repair_history: list[<type>] = ...")  [var-annotated]
src/nova/slots/slot08_memory_lock/core/repair_planner.py:25: error: Need type annotation for "success_rates" (hint: "success_rates: dict[<type>, <type>] = ...")  [var-annotated]
src/nova/slots/slot08_memory_lock/core/repair_planner.py:26: error: Need type annotation for "recovery_times" (hint: "recovery_times: dict[<type>, <type>] = ...")  [var-annotated]
src/nova/slots/slot08_memory_lock/core/repair_planner.py:29: error: Need type annotation for "_success_counts"  [var-annotated]
src/nova/slots/slot08_memory_lock/core/repair_planner.py:30: error: Need type annotation for "_failure_counts"  [var-annotated]
src/nova/slots/slot08_memory_lock/core/repair_planner.py:131: error: "object" has no attribute "append"  [attr-defined]
src/nova/slots/slot08_memory_lock/core/repair_planner.py:135: error: "object" has no attribute "append"  [attr-defined]
src/nova/slots/slot08_memory_lock/core/repair_planner.py:140: error: "object" has no attribute "append"  [attr-defined]
src/nova/slots/slot08_memory_lock/core/repair_planner.py:144: error: "object" has no attribute "append"  [attr-defined]
src/nova/slots/slot08_memory_lock/core/repair_planner.py:150: error: "object" has no attribute "append"  [attr-defined]
src/nova/slots/slot08_memory_lock/core/repair_planner.py:155: error: "object" has no attribute "append"  [attr-defined]
src/nova/slots/slot08_memory_lock/core/repair_planner.py:491: error: Unsupported target for indexed assignment ("object")  [index]
src/nova/slots/slot06_cultural_synthesis/receiver.py:73: error: Incompatible types in assignment (expression has type "float", variable has type "int")  [assignment]
src/nova/slots/slot06_cultural_synthesis/context_aware_synthesis.py:39: note: By default the bodies of untyped functions are not checked, consider using --check-untyped-defs  [annotation-unchecked]
src/nova/slots/slot06_cultural_synthesis/context_aware_synthesis.py:386: error: Need type annotation for "adaptations" (hint: "adaptations: list[<type>] = ...")  [var-annotated]
src/nova/slots/slot04_tri_engine/publish.py:27: error: "SemanticMirror" has no attribute "set_context"; maybe "get_context" or "_contexts"?  [attr-defined]
src/nova/slots/slot04_tri_engine/publish.py:30: error: "SemanticMirror" has no attribute "set_context"; maybe "get_context" or "_contexts"?  [attr-defined]
src/nova/slots/slot04_tri/wisdom_feedback.py:106: error: "SemanticMirror" has no attribute "consume_context"  [attr-defined]
src/nova/slots/slot04_tri/wisdom_feedback.py:115: error: "SemanticMirror" has no attribute "consume_context"  [attr-defined]
src/nova/slots/slot04_tri/core/tri_engine.py:102: error: Incompatible return value type (got "tuple[None, None, None]", expected "tuple[float, float, float]")  [return-value]
src/nova/slots/slot04_tri/core/tri_engine.py:148: error: Unexpected keyword argument "source" for "publish_context" of "SemanticMirror"  [call-arg]
orchestrator/semantic_mirror.py:121: note: "publish_context" of "SemanticMirror" defined here
src/nova/slots/slot04_tri/core/tri_engine.py:148: error: Unexpected keyword argument "ttl_s" for "publish_context" of "SemanticMirror"  [call-arg]
src/nova/slots/slot04_tri/core/tri_engine.py:152: error: Unexpected keyword argument "source" for "publish_context" of "SemanticMirror"  [call-arg]
src/nova/slots/slot04_tri/core/tri_engine.py:152: error: Unexpected keyword argument "ttl_s" for "publish_context" of "SemanticMirror"  [call-arg]
src/nova/slots/slot04_tri/core/tri_engine.py:159: error: Unexpected keyword argument "source" for "publish_context" of "SemanticMirror"  [call-arg]
src/nova/slots/slot04_tri/core/tri_engine.py:159: error: Unexpected keyword argument "ttl_s" for "publish_context" of "SemanticMirror"  [call-arg]
src/nova/slots/slot03_emotional_matrix/publish.py:28: error: "SemanticMirror" has no attribute "set_context"; maybe "get_context" or "_contexts"?  [attr-defined]
src/nova/slots/slot03_emotional_matrix/publish.py:30: error: "SemanticMirror" has no attribute "set_context"; maybe "get_context" or "_contexts"?  [attr-defined]
src/nova/slots/slot09_distortion_protection/hybrid_api.py:49: error: All conditional function variants must have identical signatures  [misc]
src/nova/slots/slot09_distortion_protection/hybrid_api.py:49: note: Original:
src/nova/slots/slot09_distortion_protection/hybrid_api.py:49: note:     def policy_check_with_ids(content_analysis: dict[Any, Any], trace_id: str) -> dict[Any, Any]
src/nova/slots/slot09_distortion_protection/hybrid_api.py:49: note: Redefinition:
src/nova/slots/slot09_distortion_protection/hybrid_api.py:49: note:     def policy_check_with_ids(*_args: Any, **_kwargs: Any) -> dict[str, Any]
src/nova/slots/slot09_distortion_protection/hybrid_api.py:865: error: Function "compute_audit_hash" could always be true in boolean context  [truthy-function]
src/nova/slots/slot08_memory_lock/health.py:9: error: Name "ok" already defined (possibly by an import)  [no-redef]
src/nova/slots/slot08_memory_lock/health.py:9: error: Name "minimal" already defined (possibly by an import)  [no-redef]
src/nova/slots/slot08_memory_lock/health.py:9: error: Name "error" already defined (possibly by an import)  [no-redef]
src/nova/slots/slot08_memory_lock/health.py:25: error: All conditional function variants must have identical signatures  [misc]
src/nova/slots/slot08_memory_lock/health.py:25: note: Original:
src/nova/slots/slot08_memory_lock/health.py:25: note:     def ok(name: str, version: str, **kw: Any) -> dict[str, Any]
src/nova/slots/slot08_memory_lock/health.py:25: note: Redefinition:
src/nova/slots/slot08_memory_lock/health.py:25: note:     def ok(name: Any, version: Any, **kw: Any) -> Any
src/nova/slots/slot08_memory_lock/health.py:27: error: All conditional function variants must have identical signatures  [misc]
src/nova/slots/slot08_memory_lock/health.py:27: note: Original:
src/nova/slots/slot08_memory_lock/health.py:27: note:     def minimal(name: str, version: str, **kw: Any) -> dict[str, Any]
src/nova/slots/slot08_memory_lock/health.py:27: note: Redefinition:
src/nova/slots/slot08_memory_lock/health.py:27: note:     def minimal(name: Any, version: Any, **kw: Any) -> Any
src/nova/slots/slot08_memory_lock/health.py:29: error: All conditional function variants must have identical signatures  [misc]
src/nova/slots/slot08_memory_lock/health.py:29: note: Original:
src/nova/slots/slot08_memory_lock/health.py:29: note:     def error(name: str, version: str, err: str, **kw: Any) -> dict[str, Any]
src/nova/slots/slot08_memory_lock/health.py:29: note: Redefinition:
src/nova/slots/slot08_memory_lock/health.py:29: note:     def error(name: Any, version: Any, err: Any, **kw: Any) -> Any
src/nova/slots/slot08_memory_lock/tests/test_self_healing_integration.py:31: error: Name "ThreatLevel" already defined (possibly by an import)  [no-redef]
src/nova/slots/slot08_memory_lock/tests/test_self_healing_integration.py:31: error: Name "RepairAction" already defined (possibly by an import)  [no-redef]
src/nova/slots/slot08_memory_lock/tests/test_self_healing_integration.py:31: error: Name "QuarantineReason" already defined (possibly by an import)  [no-redef]
src/nova/slots/slot08_memory_lock/tests/test_self_healing_integration.py:31: error: Name "HealthMetrics" already defined (possibly by an import)  [no-redef]
src/nova/slots/slot08_memory_lock/tests/test_self_healing_integration.py:31: error: Name "IDSEvent" already defined (possibly by an import)  [no-redef]
src/nova/slots/slot08_memory_lock/tests/test_self_healing_integration.py:32: error: Name "Slot8Policy" already defined (possibly by an import)  [no-redef]
src/nova/slots/slot08_memory_lock/tests/test_self_healing_integration.py:33: error: Name "MerkleIntegrityStore" already defined (possibly by an import)  [no-redef]
src/nova/slots/slot08_memory_lock/tests/test_self_healing_integration.py:34: error: Name "IntegritySnapshotter" already defined (possibly by an import)  [no-redef]
src/nova/slots/slot08_memory_lock/tests/test_self_healing_integration.py:35: error: Name "RepairPlanner" already defined (possibly by an import)  [no-redef]
src/nova/slots/slot08_memory_lock/tests/test_self_healing_integration.py:36: error: Name "QuarantineSystem" already defined (possibly by an import)  [no-redef]
src/nova/slots/slot08_memory_lock/tests/test_self_healing_integration.py:37: error: Name "EntropyMonitor" already defined (possibly by an import)  [no-redef]
src/nova/slots/slot08_memory_lock/tests/test_self_healing_integration.py:38: error: Name "IDSDetectorSuite" already defined (possibly by an import)  [no-redef]
src/nova/slots/slot08_memory_lock/tests/test_self_healing_integration.py:66: error: Need type annotation for "recovery_events" (hint: "recovery_events: list[<type>] = ...")  [var-annotated]
src/nova/slots/slot08_memory_lock/tests/test_self_healing_integration.py:67: error: Need type annotation for "threat_events" (hint: "threat_events: list[<type>] = ...")  [var-annotated]
src/nova/slots/slot08_memory_lock/tests/test_self_healing_integration.py:70: error: Argument 1 to "register_recovery_callback" of "QuarantineSystem" has incompatible type "Callable[[float, QuarantineReason, dict[Any, Any]], Any]"; expected "Callable[[float, QuarantineReason | None, dict[str, Any]], None]"  [arg-type]
src/nova/slots/slot08_memory_lock/tests/test_processual_capabilities.py:32: error: Name "ThreatLevel" already defined (possibly by an import)  [no-redef]
src/nova/slots/slot08_memory_lock/tests/test_processual_capabilities.py:32: error: Name "RepairAction" already defined (possibly by an import)  [no-redef]
src/nova/slots/slot08_memory_lock/tests/test_processual_capabilities.py:32: error: Name "QuarantineReason" already defined (possibly by an import)  [no-redef]
src/nova/slots/slot08_memory_lock/tests/test_processual_capabilities.py:32: error: Name "HealthMetrics" already defined (possibly by an import)  [no-redef]
src/nova/slots/slot08_memory_lock/tests/test_processual_capabilities.py:33: error: Name "Slot8Policy" already defined (possibly by an import)  [no-redef]
src/nova/slots/slot08_memory_lock/tests/test_processual_capabilities.py:34: error: Name "MerkleIntegrityStore" already defined (possibly by an import)  [no-redef]
src/nova/slots/slot08_memory_lock/tests/test_processual_capabilities.py:35: error: Name "IntegritySnapshotter" already defined (possibly by an import)  [no-redef]
src/nova/slots/slot08_memory_lock/tests/test_processual_capabilities.py:36: error: Name "RepairPlanner" already defined (possibly by an import)  [no-redef]
src/nova/slots/slot08_memory_lock/tests/test_processual_capabilities.py:37: error: Name "QuarantineSystem" already defined (possibly by an import)  [no-redef]
src/nova/slots/slot08_memory_lock/tests/test_processual_capabilities.py:38: error: Name "EntropyMonitor" already defined (possibly by an import)  [no-redef]
src/nova/slots/slot08_memory_lock/tests/test_processual_capabilities.py:39: error: Name "IDSDetectorSuite" already defined (possibly by an import)  [no-redef]
src/nova/slots/slot08_memory_lock/benchmarks/performance_validation.py:376: error: Unsupported target for indexed assignment ("object")  [index]
src/nova/slots/slot05_constellation/constellation_engine.py:479: error: Need type annotation for "visited" (hint: "visited: set[<type>] = ...")  [var-annotated]
src/nova/slots/slot05_constellation/constellation_engine.py:505: error: Need type annotation for "type_counts"  [var-annotated]
src/nova/slots/slot05_constellation/constellation_engine.py:536: error: Need type annotation for "link_counts"  [var-annotated]
src/nova/slots/slot04_tri_engine/engine.py:261: error: Need type annotation for "word_freq" (hint: "word_freq: dict[<type>, <type>] = ...")  [var-annotated]
src/nova/slots/slot04_tri/health.py:9: error: Name "ok" already defined (possibly by an import)  [no-redef]
src/nova/slots/slot04_tri/health.py:9: error: Name "minimal" already defined (possibly by an import)  [no-redef]
src/nova/slots/slot04_tri/health.py:9: error: Name "error" already defined (possibly by an import)  [no-redef]
src/nova/slots/slot04_tri/health.py:25: error: All conditional function variants must have identical signatures  [misc]
src/nova/slots/slot04_tri/health.py:25: note: Original:
src/nova/slots/slot04_tri/health.py:25: note:     def ok(name: str, version: str, **kw: Any) -> dict[str, Any]
src/nova/slots/slot04_tri/health.py:25: note: Redefinition:
src/nova/slots/slot04_tri/health.py:25: note:     def ok(name: Any, version: Any, **kw: Any) -> Any
src/nova/slots/slot04_tri/health.py:27: error: All conditional function variants must have identical signatures  [misc]
src/nova/slots/slot04_tri/health.py:27: note: Original:
src/nova/slots/slot04_tri/health.py:27: note:     def minimal(name: str, version: str, **kw: Any) -> dict[str, Any]
src/nova/slots/slot04_tri/health.py:27: note: Redefinition:
src/nova/slots/slot04_tri/health.py:27: note:     def minimal(name: Any, version: Any, **kw: Any) -> Any
src/nova/slots/slot04_tri/health.py:29: error: All conditional function variants must have identical signatures  [misc]
src/nova/slots/slot04_tri/health.py:29: note: Original:
src/nova/slots/slot04_tri/health.py:29: note:     def error(name: str, version: str, err: str, **kw: Any) -> dict[str, Any]
src/nova/slots/slot04_tri/health.py:29: note: Redefinition:
src/nova/slots/slot04_tri/health.py:29: note:     def error(name: Any, version: Any, err: Any, **kw: Any) -> Any
src/nova/slots/slot03_emotional_matrix/emotional_matrix_engine.py:21: error: Incompatible types in assignment (expression has type "None", variable has type "dict[str, float]")  [assignment]
src/nova/slots/slot03_emotional_matrix/emotional_matrix_engine.py:22: error: Incompatible types in assignment (expression has type "None", variable has type "dict[str, float]")  [assignment]
src/nova/slots/slot03_emotional_matrix/emotional_matrix_engine.py:24: error: Incompatible types in assignment (expression has type "None", variable has type "list[Callable[[dict[Any, Any]], None]]")  [assignment]
src/nova/slots/slot03_emotional_matrix/emotional_matrix_engine.py:272: error: Argument 1 to "_apply_phase_lock_scaling" of "EmotionalMatrixEngine" has incompatible type "object"; expected "float"  [arg-type]
src/nova/slots/slot03_emotional_matrix/emotional_matrix_engine.py:275: error: Unsupported target for indexed assignment ("object")  [index]
src/nova/slots/slot03_emotional_matrix/emotional_matrix_engine.py:276: error: Unsupported target for indexed assignment ("object")  [index]
src/nova/slots/slot01_truth_anchor/truth_anchor_engine.py:87: error: Incompatible types in assignment (expression has type "None", variable has type "EntropySample")  [assignment]
orchestrator/adapters/slot9_distortion_protection.py:19: error: Incompatible types in assignment (expression has type "None", variable has type "HybridDistortionDetectionAPI")  [assignment]
orchestrator/adapters/slot5_constellation.py:15: error: Incompatible types in assignment (expression has type "None", variable has type "ConstellationEngine")  [assignment]
orchestrator/adapters/slot3_emotional.py:19: error: Incompatible types in assignment (expression has type "None", variable has type "EmotionalMatrixEngine")  [assignment]
orchestrator/adapters/slot3_emotional.py:21: error: Incompatible types in assignment (expression has type "None", variable has type "AdvancedSafetyPolicy")  [assignment]
orchestrator/adapters/slot3_emotional.py:144: error: Incompatible types in assignment (expression has type "dict[str, Any]", target has type "bool | str")  [assignment]
orchestrator/adapters/slot3_emotional.py:149: error: Incompatible types in assignment (expression has type "dict[str, float | int]", target has type "bool | str")  [assignment]
orchestrator/adapters/slot1_truth_anchor.py:16: error: Incompatible types in assignment (expression has type "None", variable has type "TruthAnchorEngine")  [assignment]
orchestrator/adapters/slot1_truth_anchor.py:25: error: Incompatible types in assignment (expression has type "None", variable has type "TruthAnchorEngine")  [assignment]
src/nova/slots/slot09_distortion_protection/health.py:10: error: Name "ok" already defined (possibly by an import)  [no-redef]
src/nova/slots/slot09_distortion_protection/health.py:10: error: Name "minimal" already defined (possibly by an import)  [no-redef]
src/nova/slots/slot09_distortion_protection/health.py:10: error: Name "error" already defined (possibly by an import)  [no-redef]
src/nova/slots/slot09_distortion_protection/health.py:26: error: All conditional function variants must have identical signatures  [misc]
src/nova/slots/slot09_distortion_protection/health.py:26: note: Original:
src/nova/slots/slot09_distortion_protection/health.py:26: note:     def ok(name: str, version: str, **kw: Any) -> dict[str, Any]
src/nova/slots/slot09_distortion_protection/health.py:26: note: Redefinition:
src/nova/slots/slot09_distortion_protection/health.py:26: note:     def ok(name: Any, version: Any, **kw: Any) -> Any
src/nova/slots/slot09_distortion_protection/health.py:28: error: All conditional function variants must have identical signatures  [misc]
src/nova/slots/slot09_distortion_protection/health.py:28: note: Original:
src/nova/slots/slot09_distortion_protection/health.py:28: note:     def minimal(name: str, version: str, **kw: Any) -> dict[str, Any]
src/nova/slots/slot09_distortion_protection/health.py:28: note: Redefinition:
src/nova/slots/slot09_distortion_protection/health.py:28: note:     def minimal(name: Any, version: Any, **kw: Any) -> Any
src/nova/slots/slot09_distortion_protection/health.py:30: error: All conditional function variants must have identical signatures  [misc]
src/nova/slots/slot09_distortion_protection/health.py:30: note: Original:
src/nova/slots/slot09_distortion_protection/health.py:30: note:     def error(name: str, version: str, err: str, **kw: Any) -> dict[str, Any]
src/nova/slots/slot09_distortion_protection/health.py:30: note: Redefinition:
src/nova/slots/slot09_distortion_protection/health.py:30: note:     def error(name: Any, version: Any, err: Any, **kw: Any) -> Any
src/nova/slots/slot05_constellation/enhanced_constellation_engine.py:128: error: Incompatible types in assignment (expression has type "str", target has type "float")  [assignment]
src/nova/slots/slot05_constellation/enhanced_constellation_engine.py:130: error: Incompatible types in assignment (expression has type "str", target has type "float")  [assignment]
src/nova/slots/slot05_constellation/enhanced_constellation_engine.py:132: error: Incompatible types in assignment (expression has type "str", target has type "float")  [assignment]
src/nova/slots/slot05_constellation/enhanced_constellation_engine.py:136: error: Incompatible types in assignment (expression has type "str", target has type "float")  [assignment]
src/nova/slots/slot05_constellation/enhanced_constellation_engine.py:138: error: Incompatible types in assignment (expression has type "str", target has type "float")  [assignment]
src/nova/slots/slot05_constellation/enhanced_constellation_engine.py:140: error: Incompatible types in assignment (expression has type "str", target has type "float")  [assignment]
src/nova/slots/slot04_tri_engine/health.py:9: error: Name "ok" already defined (possibly by an import)  [no-redef]
src/nova/slots/slot04_tri_engine/health.py:9: error: Name "minimal" already defined (possibly by an import)  [no-redef]
src/nova/slots/slot04_tri_engine/health.py:9: error: Name "error" already defined (possibly by an import)  [no-redef]
src/nova/slots/slot04_tri_engine/health.py:25: error: All conditional function variants must have identical signatures  [misc]
src/nova/slots/slot04_tri_engine/health.py:25: note: Original:
src/nova/slots/slot04_tri_engine/health.py:25: note:     def ok(name: str, version: str, **kw: Any) -> dict[str, Any]
src/nova/slots/slot04_tri_engine/health.py:25: note: Redefinition:
src/nova/slots/slot04_tri_engine/health.py:25: note:     def ok(name: Any, version: Any, **kw: Any) -> Any
src/nova/slots/slot04_tri_engine/health.py:27: error: All conditional function variants must have identical signatures  [misc]
src/nova/slots/slot04_tri_engine/health.py:27: note: Original:
src/nova/slots/slot04_tri_engine/health.py:27: note:     def minimal(name: str, version: str, **kw: Any) -> dict[str, Any]
src/nova/slots/slot04_tri_engine/health.py:27: note: Redefinition:
src/nova/slots/slot04_tri_engine/health.py:27: note:     def minimal(name: Any, version: Any, **kw: Any) -> Any
src/nova/slots/slot04_tri_engine/health.py:29: error: All conditional function variants must have identical signatures  [misc]
src/nova/slots/slot04_tri_engine/health.py:29: note: Original:
src/nova/slots/slot04_tri_engine/health.py:29: note:     def error(name: str, version: str, err: str, **kw: Any) -> dict[str, Any]
src/nova/slots/slot04_tri_engine/health.py:29: note: Redefinition:
src/nova/slots/slot04_tri_engine/health.py:29: note:     def error(name: Any, version: Any, err: Any, **kw: Any) -> Any
src/nova/slots/slot04_tri_engine/health.py:70: error: Missing positional arguments "estimate", "variance", "alpha", "beta", "confidence_interval" in call to "TRIStatus"  [call-arg]
src/nova/slots/slot01_truth_anchor/orchestrator_adapter.py:14: error: Module "orchestrator.contracts" has no attribute "SlotResult"  [attr-defined]
src/nova/slots/slot01_truth_anchor/orchestrator_adapter.py:20: error: Name "SlotResult" already defined (possibly by an import)  [no-redef]
src/nova/slots/slot01_truth_anchor/orchestrator_adapter.py:34: error: Cannot assign to a type  [misc]
src/nova/slots/slot01_truth_anchor/orchestrator_adapter.py:34: error: Incompatible types in assignment (expression has type "None", variable has type "type[TruthAnchorEngine]")  [assignment]
src/nova/slots/slot01_truth_anchor/orchestrator_adapter.py:39: error: Cannot assign to a type  [misc]
src/nova/slots/slot01_truth_anchor/orchestrator_adapter.py:39: error: Incompatible types in assignment (expression has type "None", variable has type "type[TruthAnchorEngine]")  [assignment]
src/nova/slots/slot01_truth_anchor/orchestrator_adapter.py:100: error: Function "BasicTruthAnchorEngine" could always be true in boolean context  [truthy-function]
src/nova/slots/slot01_truth_anchor/orchestrator_adapter.py:102: error: Function "EnhancedTruthAnchorEngine" could always be true in boolean context  [truthy-function]
src/nova/slots/slot01_truth_anchor/orchestrator_adapter.py:105: error: Function "EnhancedTruthAnchorEngine" could always be true in boolean context  [truthy-function]
src/nova/slots/slot01_truth_anchor/orchestrator_adapter.py:107: error: Function "BasicTruthAnchorEngine" could always be true in boolean context  [truthy-function]
src/nova/sim/metrics.py:22: error: Name "TriEngine" already defined (possibly by an import)  [no-redef]
src/nova/sim/metrics.py:26: error: Name "CulturalSynthesisEngine" already defined (possibly by an import)  [no-redef]
src/nova/sim/agents.py:30: error: Name "TriEngine" already defined (possibly by an import)  [no-redef]
src/nova/sim/agents.py:34: error: Name "CulturalSynthesisEngine" already defined (possibly by an import)  [no-redef]
src/nova/sim/agents.py:487: error: Incompatible default for argument "config" (default has type "None", argument has type "SimulationConfig")  [assignment]
src/nova/sim/agents.py:487: note: PEP 484 prohibits implicit Optional. Accordingly, mypy has changed its default to no_implicit_optional=True
src/nova/sim/agents.py:487: note: Use https://github.com/hauntsaninja/no_implicit_optional to automatically upgrade your codebase
orchestrator/simulate_agents.py:57: error: Argument "stubbornness_alpha" to "SimulationConfig" has incompatible type "float | None"; expected "float"  [arg-type]
orchestrator/simulate_agents.py:58: error: Argument "diffusion_probability" to "SimulationConfig" has incompatible type "float | None"; expected "float"  [arg-type]
orchestrator/simulate_agents.py:59: error: Argument "threshold_tau" to "SimulationConfig" has incompatible type "float | None"; expected "float"  [arg-type]
orchestrator/simulate_agents.py:252: error: Dict entry 2 has incompatible type "str": "int"; expected "str": "list[str]"  [dict-item]
orchestrator/adapters/slot2_deltathresh.py:19: error: Incompatible types in assignment (expression has type "None", variable has type "DeltaThreshProcessor")  [assignment]
orchestrator/adapters/enhanced_slot5_constellation.py:26: error: Incompatible types in assignment (expression has type "ConstellationEngine", variable has type "EnhancedConstellationEngine")  [assignment]
orchestrator/adapters/enhanced_slot5_constellation.py:30: error: Incompatible types in assignment (expression has type "None", variable has type "EnhancedConstellationEngine")  [assignment]
orchestrator/adapters/enhanced_slot5_constellation.py:37: error: Incompatible types in assignment (expression has type "None", variable has type "EnhancedConstellationEngine")  [assignment]
orchestrator/adapters/enhanced_slot5_constellation.py:189: error: "EnhancedConstellationEngine" has no attribute "similarity_threshold"  [attr-defined]
orchestrator/adapters/enhanced_slot5_constellation.py:191: error: "EnhancedConstellationEngine" has no attribute "link_strength_threshold"  [attr-defined]
orchestrator/adapters/enhanced_slot5_constellation.py:193: error: "EnhancedConstellationEngine" has no attribute "stability_window"  [attr-defined]
src/nova/slots/slot10_civilizational_deployment/core/lightclock_gatekeeper.py:12: error: Incompatible types in assignment (expression has type "None", variable has type "SemanticMirror")  [assignment]
src/nova/slots/slot10_civilizational_deployment/core/lightclock_gatekeeper.py:13: error: Incompatible types in assignment (expression has type "None", variable has type "Callable[[Any, str, Any | None, str], Any | None]")  [assignment]
src/nova/slots/slot10_civilizational_deployment/core/lightclock_gatekeeper.py:72: error: Function "mirror_get" could always be true in boolean context  [truthy-function]
src/nova/slots/slot03_emotional_matrix/health/__init__.py:133: error: Unsupported target for indexed assignment ("object")  [index]
src/nova/slots/slot03_emotional_matrix/health/__init__.py:135: error: Unsupported target for indexed assignment ("object")  [index]
src/nova/slots/slot03_emotional_matrix/health/__init__.py:141: error: Unsupported target for indexed assignment ("object")  [index]
src/nova/slots/slot03_emotional_matrix/health/__init__.py:143: error: Unsupported target for indexed assignment ("object")  [index]
src/nova/slots/slot03_emotional_matrix/health/__init__.py:149: error: Unsupported target for indexed assignment ("object")  [index]
src/nova/slots/slot03_emotional_matrix/health/__init__.py:151: error: Unsupported target for indexed assignment ("object")  [index]
src/nova/slots/slot02_deltathresh/enhanced/processor.py:52: error: Incompatible types in assignment (expression has type "EnhancedPerformanceTracker", variable has type "PerformanceTracker")  [assignment]
src/nova/slots/slot02_deltathresh/enhanced/processor.py:308: error: "object" has no attribute "append"  [attr-defined]
orchestrator/prometheus_metrics.py:537: error: Argument "mirror" to "LightClockGatekeeper" has incompatible type "SemanticMirror"; expected "MirrorReader | None"  [arg-type]
orchestrator/health_pulse.py:130: error: Library stubs not installed for "yaml"  [import-untyped]
orchestrator/core/__init__.py:64: error: Incompatible types in assignment (expression has type "InstitutionalNodeDeployer", variable has type "None")  [assignment]
orchestrator/adapters/slot10_civilizational.py:26: error: Incompatible types in assignment (expression has type "None", variable has type "InstitutionalNodeDeployer")  [assignment]
orchestrator/adapters/slot10_civilizational.py:53: error: Incompatible return value type (got "DeploymentResult", expected "dict[str, Any]")  [return-value]
src/nova/slots/slot10_civilizational_deployment/core/lightclock_canary.py:38: error: Argument 2 to "__init__" of "CanaryController" has incompatible type "LightClockGatekeeper"; expected "Gatekeeper"  [arg-type]
src/nova/slots/slot10_civilizational_deployment/core/lightclock_canary.py:315: error: "CanaryMetrics" has no attribute "update"  [attr-defined]
src/nova/slots/slot10_civilizational_deployment/core/lightclock_canary.py:325: error: "CanaryMetrics" has no attribute "update"  [attr-defined]
src/nova/slots/slot02_deltathresh/health.py:10: error: Name "ok" already defined (possibly by an import)  [no-redef]
src/nova/slots/slot02_deltathresh/health.py:10: error: Name "minimal" already defined (possibly by an import)  [no-redef]
src/nova/slots/slot02_deltathresh/health.py:10: error: Name "error" already defined (possibly by an import)  [no-redef]
src/nova/slots/slot02_deltathresh/health.py:26: error: All conditional function variants must have identical signatures  [misc]
src/nova/slots/slot02_deltathresh/health.py:26: note: Original:
src/nova/slots/slot02_deltathresh/health.py:26: note:     def ok(name: str, version: str, **kw: Any) -> dict[str, Any]
src/nova/slots/slot02_deltathresh/health.py:26: note: Redefinition:
src/nova/slots/slot02_deltathresh/health.py:26: note:     def ok(name: Any, version: Any, **kw: Any) -> Any
src/nova/slots/slot02_deltathresh/health.py:28: error: All conditional function variants must have identical signatures  [misc]
src/nova/slots/slot02_deltathresh/health.py:28: note: Original:
src/nova/slots/slot02_deltathresh/health.py:28: note:     def minimal(name: str, version: str, **kw: Any) -> dict[str, Any]
src/nova/slots/slot02_deltathresh/health.py:28: note: Redefinition:
src/nova/slots/slot02_deltathresh/health.py:28: note:     def minimal(name: Any, version: Any, **kw: Any) -> Any
src/nova/slots/slot02_deltathresh/health.py:30: error: All conditional function variants must have identical signatures  [misc]
src/nova/slots/slot02_deltathresh/health.py:30: note: Original:
src/nova/slots/slot02_deltathresh/health.py:30: note:     def error(name: str, version: str, err: str, **kw: Any) -> dict[str, Any]
src/nova/slots/slot02_deltathresh/health.py:30: note: Redefinition:
src/nova/slots/slot02_deltathresh/health.py:30: note:     def error(name: Any, version: Any, err: Any, **kw: Any) -> Any
src/nova/slots/slot02_deltathresh/health.py:98: error: "ProcessingConfig" has no attribute "enable_pattern_detection"  [attr-defined]
src/nova/slots/slot02_deltathresh/health.py:99: error: "ProcessingConfig" has no attribute "performance_tracking"  [attr-defined]
src/nova/slots/slot02_deltathresh/health.py:120: error: "ProcessingConfig" has no attribute "enable_pattern_detection"  [attr-defined]
src/nova/slots/slot10_civilizational_deployment/core/factory.py:59: error: Argument "mirror" to "LightClockGatekeeper" has incompatible type "SemanticMirrorAdapter"; expected "MirrorReader | None"  [arg-type]
src/nova/slots/slot10_civilizational_deployment/core/factory.py:88: error: Argument "mirror" to "LightClockGatekeeper" has incompatible type "SemanticMirrorAdapter"; expected "MirrorReader | None"  [arg-type]
src/nova/slots/slot07_production_controls/core/reflex.py:95: error: Module "orchestrator.prometheus_metrics" has no attribute "reflex_backpressure_gauge"  [attr-defined]
src/nova/slots/slot07_production_controls/core/reflex.py:95: error: Module "orchestrator.prometheus_metrics" has no attribute "reflex_emissions_counter"  [attr-defined]
orchestrator/router/routes.py:20: error: Module "orchestrator.adapters.slot4_tri" has no attribute "evaluate"  [attr-defined]
orchestrator/router/routes.py:28: error: Module "orchestrator.adapters.slot6_cultural" has no attribute "synthesize"  [attr-defined]
src/nova/slots/slot07_production_controls/production_control_engine.py:630: error: Unexpected keyword argument "source" for "publish_context" of "SemanticMirror"  [call-arg]
orchestrator/semantic_mirror.py:121: note: "publish_context" of "SemanticMirror" defined here
src/nova/slots/slot07_production_controls/production_control_engine.py:630: error: Unexpected keyword argument "ttl_s" for "publish_context" of "SemanticMirror"  [call-arg]
orchestrator/adapters/slot7_production_controls.py:15: error: Incompatible types in assignment (expression has type "None", variable has type "ProductionControlEngine")  [assignment]
orchestrator/federation_health.py:20: error: "object" has no attribute "_value"  [attr-defined]
orchestrator/federation_health.py:24: error: "object" has no attribute "_value"  [attr-defined]
orchestrator/federation_health.py:47: error: "object" has no attribute "labels"  [attr-defined]
orchestrator/federation_health.py:51: error: "object" has no attribute "labels"  [attr-defined]
orchestrator/federation_health.py:59: error: "object" has no attribute "labels"  [attr-defined]
orchestrator/federation_health.py:64: error: "object" has no attribute "labels"  [attr-defined]
orchestrator/federation_health.py:69: error: "object" has no attribute "labels"  [attr-defined]
orchestrator/federation_health.py:83: error: Need type annotation for "remediation"  [var-annotated]
orchestrator/federation_health.py:86: error: "object" has no attribute "_value"  [attr-defined]
orchestrator/federation_health.py:95: error: "object" has no attribute "_value"  [attr-defined]
orchestrator/federation_health.py:126: error: Item "float" of "float | dict[Never, Never]" has no attribute "get"  [union-attr]
orchestrator/federation_health.py:126: error: No overload variant of "get" of "dict" matches argument types "str", "float"  [call-overload]
orchestrator/federation_health.py:126: note: Possible overload variants:
orchestrator/federation_health.py:126: note:     def get(self, Never, None = ..., /) -> None
orchestrator/federation_health.py:126: note:     def get(self, Never, Never, /) -> Never
orchestrator/federation_health.py:126: note:     def [_T] get(self, Never, _T, /) -> _T
orchestrator/federation_health.py:149: error: "object" has no attribute "labels"  [attr-defined]
orchestrator/routes/peer_sync.py:98: error: Function "builtins.any" is not valid as a type  [valid-type]
orchestrator/routes/peer_sync.py:98: note: Perhaps you meant "typing.Any" instead of "any"?
orchestrator/router/anr.py:46: note: By default the bodies of untyped functions are not checked, consider using --check-untyped-defs  [annotation-unchecked]
orchestrator/router/anr.py:156: error: Argument "key" to "max" has incompatible type overloaded function; expected "Callable[[str], SupportsDunderLT[Any] | SupportsDunderGT[Any]]"  [arg-type]
orchestrator/router/anr.py:174: error: Argument "key" to "max" has incompatible type overloaded function; expected "Callable[[str], SupportsDunderLT[Any] | SupportsDunderGT[Any]]"  [arg-type]
orchestrator/router/anr.py:196: error: Argument "key" to "max" has incompatible type overloaded function; expected "Callable[[str], SupportsDunderLT[Any] | SupportsDunderGT[Any]]"  [arg-type]
src/nova/slots/slot10_civilizational_deployment/core/feedback.py:129: error: Unsupported operand types for + ("object" and "float")  [operator]
src/nova/slots/slot10_civilizational_deployment/core/feedback.py:177: error: Module "orchestrator.prometheus_metrics" has no attribute "deployment_feedback_transform_rate_gauge"  [attr-defined]
src/nova/slots/slot10_civilizational_deployment/core/feedback.py:177: error: Module "orchestrator.prometheus_metrics" has no attribute "deployment_feedback_rollback_counter"  [attr-defined]
src/nova/slots/slot10_civilizational_deployment/core/feedback.py:177: error: Module "orchestrator.prometheus_metrics" has no attribute "deployment_feedback_total_counter"  [attr-defined]
src/nova/slots/slot07_production_controls/metrics.py:25: error: Need type annotation for "reflex_counters"  [var-annotated]
src/nova/slots/slot07_production_controls/metrics.py:30: error: Need type annotation for "reflex_emission_history" (hint: "reflex_emission_history: list[<type>] = ...")  [var-annotated]
src/nova/slots/slot07_production_controls/metrics.py:31: error: Need type annotation for "last_reflex_emission" (hint: "last_reflex_emission: dict[<type>, <type>] = ...")  [var-annotated]
orchestrator/reflection.py:66: error: Argument 1 to "collect_slot_selfchecks" has incompatible type "dict[str, None]"; expected "dict[str, Callable[..., Any]]"  [arg-type]
orchestrator/reflection.py:224: error: Unsupported target for indexed assignment ("object")  [index]
orchestrator/app.py:123: error: Function "update_anomaly_inputs" could always be true in boolean context  [truthy-function]
orchestrator/app.py:599: error: Argument 1 to "prometheus_metrics" has incompatible type "dict[str, None]"; expected "dict[str, Callable[..., Any]]"  [arg-type]
Found 339 errors in 101 files (checked 300 source files)
